0 info it worked if it ends with ok
1 verbose cli [ '/usr/local/Cellar/node/5.5.0/bin/node',
1 verbose cli   '/usr/local/bin/npm',
1 verbose cli   'start' ]
2 info using npm@3.5.3
3 info using node@v5.5.0
4 verbose run-script [ 'prestart', 'start', 'poststart' ]
5 info lifecycle myscheduleplus@~prestart: myscheduleplus@
6 silly lifecycle myscheduleplus@~prestart: no script for prestart, continuing
7 info lifecycle myscheduleplus@~start: myscheduleplus@
8 verbose lifecycle myscheduleplus@~start: unsafe-perm in lifecycle true
9 verbose lifecycle myscheduleplus@~start: PATH: /usr/local/lib/node_modules/npm/bin/node-gyp-bin:/Users/ksandera/Documents/eecs441/expressexample/node_modules/.bin:/usr/local/bin:/usr/bin:/bin:/usr/sbin:/sbin:/Applications/Postgres.app/Contents/Versions/latest/bin
10 verbose lifecycle myscheduleplus@~start: CWD: /Users/ksandera/Documents/eecs441/expressexample
11 silly lifecycle myscheduleplus@~start: Args: [ '-c', 'node app.js' ]
12 silly lifecycle myscheduleplus@~start: Returned: code: 1  signal: null
13 info lifecycle myscheduleplus@~start: Failed to exec start script
14 verbose stack Error: myscheduleplus@ start: `node app.js`
14 verbose stack Exit status 1
14 verbose stack     at EventEmitter.<anonymous> (/usr/local/lib/node_modules/npm/lib/utils/lifecycle.js:232:16)
14 verbose stack     at emitTwo (events.js:100:13)
14 verbose stack     at EventEmitter.emit (events.js:185:7)
14 verbose stack     at ChildProcess.<anonymous> (/usr/local/lib/node_modules/npm/lib/utils/spawn.js:24:14)
14 verbose stack     at emitTwo (events.js:100:13)
14 verbose stack     at ChildProcess.emit (events.js:185:7)
14 verbose stack     at maybeClose (internal/child_process.js:821:16)
14 verbose stack     at Process.ChildProcess._handle.onexit (internal/child_process.js:211:5)
15 verbose pkgid myscheduleplus@
16 verbose cwd /Users/ksandera/Documents/eecs441/expressexample
17 error Darwin 15.0.0
18 error argv "/usr/local/Cellar/node/5.5.0/bin/node" "/usr/local/bin/npm" "start"
19 error node v5.5.0
20 error npm  v3.5.3
21 error code ELIFECYCLE
22 error myscheduleplus@ start: `node app.js`
22 error Exit status 1
23 error Failed at the myscheduleplus@ start script 'node app.js'.
23 error Make sure you have the latest version of node.js and npm installed.
23 error If you do, this is most likely a problem with the myscheduleplus package,
23 error not with npm itself.
23 error Tell the author that this fails on your system:
23 error     node app.js
23 error You can get information on how to open an issue for this project with:
23 error     npm bugs myscheduleplus
23 error Or if that isn't available, you can get their info via:
23 error     npm owner ls myscheduleplus
23 error There is likely additional logging output above.
24 verbose exit [ 1, true ]
